@!@!@STARTMSG 2262:0 @!@!@
TLC2 Version 2.14 of 10 July 2019
@!@!@ENDMSG 2262 @!@!@
@!@!@STARTMSG 2187:0 @!@!@
Running breadth-first search Model-Checking with fp 96 and seed 1056963780716674792 with 8 workers on 16 cores with 1214MB heap and 2730MB offheap memory [pid: 68404] (Mac OS X 10.14.5 x86_64, AdoptOpenJDK 11.0.3 x86_64, OffHeapDiskFPSet, DiskStateQueue).
@!@!@ENDMSG 2187 @!@!@
@!@!@STARTMSG 2220:0 @!@!@
Starting SANY...
@!@!@ENDMSG 2220 @!@!@
Parsing file /Users/nate/.tlaplus/UnidrectionalPayment/UnidrectionalPayment.toolbox/Model_1/MC.tla
Parsing file /Users/nate/.tlaplus/UnidrectionalPayment/UnidrectionalPayment.toolbox/Model_1/UnidrectionalPayment.tla
Parsing file /Applications/TLA+ Toolbox.app/Contents/Eclipse/plugins/org.lamport.tlatools_1.0.0.201907102009/tla2sany/StandardModules/TLC.tla
Parsing file /Applications/TLA+ Toolbox.app/Contents/Eclipse/plugins/org.lamport.tlatools_1.0.0.201907102009/tla2sany/StandardModules/Integers.tla
Parsing file /Applications/TLA+ Toolbox.app/Contents/Eclipse/plugins/org.lamport.tlatools_1.0.0.201907102009/tla2sany/StandardModules/FiniteSets.tla
Parsing file /Applications/TLA+ Toolbox.app/Contents/Eclipse/plugins/org.lamport.tlatools_1.0.0.201907102009/tla2sany/StandardModules/Naturals.tla
Parsing file /Applications/TLA+ Toolbox.app/Contents/Eclipse/plugins/org.lamport.tlatools_1.0.0.201907102009/tla2sany/StandardModules/Sequences.tla
Semantic processing of module Naturals
Semantic processing of module Integers
Semantic processing of module Sequences
Semantic processing of module FiniteSets
Semantic processing of module UnidrectionalPayment
Semantic processing of module TLC
Semantic processing of module MC
@!@!@STARTMSG 2219:0 @!@!@
SANY finished.
@!@!@ENDMSG 2219 @!@!@
@!@!@STARTMSG 2185:0 @!@!@
Starting... (2019-08-19 20:17:50)
@!@!@ENDMSG 2185 @!@!@
@!@!@STARTMSG 2189:0 @!@!@
Computing initial states...
@!@!@ENDMSG 2189 @!@!@
@!@!@STARTMSG 2190:0 @!@!@
Finished computing initial states: 1 distinct state generated at 2019-08-19 20:17:50.
@!@!@ENDMSG 2190 @!@!@
@!@!@STARTMSG 2193:0 @!@!@
Model checking completed. No error has been found.
  Estimates of the probability that TLC did not check all reachable states
  because two distinct states had the same fingerprint:
  calculated (optimistic):  val = 2.3E-11
@!@!@ENDMSG 2193 @!@!@
@!@!@STARTMSG 2201:0 @!@!@
The coverage statistics at 2019-08-19 20:17:50
@!@!@ENDMSG 2201 @!@!@
@!@!@STARTMSG 2773:0 @!@!@
<Init line 56, col 1 to line 56, col 4 of module UnidrectionalPayment>: 1:1
@!@!@ENDMSG 2773 @!@!@
@!@!@STARTMSG 2221:0 @!@!@
  line 57, col 9 to line 61, col 22 of module UnidrectionalPayment: 1
@!@!@ENDMSG 2221 @!@!@
@!@!@STARTMSG 2772:0 @!@!@
<Exec line 63, col 1 to line 63, col 4 of module UnidrectionalPayment>: 9292:9292
@!@!@ENDMSG 2772 @!@!@
@!@!@STARTMSG 2221:0 @!@!@
  line 63, col 12 to line 63, col 22 of module UnidrectionalPayment: 32754
@!@!@ENDMSG 2221 @!@!@
@!@!@STARTMSG 2221:0 @!@!@
  |line 63, col 12 to line 63, col 13 of module UnidrectionalPayment: 23553
@!@!@ENDMSG 2221 @!@!@
@!@!@STARTMSG 2221:0 @!@!@
  line 64, col 15 to line 64, col 73 of module UnidrectionalPayment: 9201
@!@!@ENDMSG 2221 @!@!@
@!@!@STARTMSG 2221:0 @!@!@
  |line 64, col 15 to line 64, col 46 of module UnidrectionalPayment: 9201
@!@!@ENDMSG 2221 @!@!@
@!@!@STARTMSG 2221:0 @!@!@
  |line 64, col 51 to line 64, col 73 of module UnidrectionalPayment: 9191
@!@!@ENDMSG 2221 @!@!@
@!@!@STARTMSG 2221:0 @!@!@
  line 65, col 20 to line 66, col 42 of module UnidrectionalPayment: 91
@!@!@ENDMSG 2221 @!@!@
@!@!@STARTMSG 2221:0 @!@!@
  line 67, col 20 to line 67, col 41 of module UnidrectionalPayment: 9110
@!@!@ENDMSG 2221 @!@!@
@!@!@STARTMSG 2221:0 @!@!@
  line 68, col 12 to line 69, col 67 of module UnidrectionalPayment: 9292
@!@!@ENDMSG 2221 @!@!@
@!@!@STARTMSG 2772:0 @!@!@
<Transfer line 71, col 1 to line 71, col 8 of module UnidrectionalPayment>: 100:9100
@!@!@ENDMSG 2772 @!@!@
@!@!@STARTMSG 2221:0 @!@!@
  line 71, col 16 to line 71, col 30 of module UnidrectionalPayment: 23644
@!@!@ENDMSG 2221 @!@!@
@!@!@STARTMSG 2221:0 @!@!@
  |line 71, col 16 to line 71, col 17 of module UnidrectionalPayment: 23553
@!@!@ENDMSG 2221 @!@!@
@!@!@STARTMSG 2221:0 @!@!@
  line 74, col 23 to line 74, col 86 of module UnidrectionalPayment: 9100
@!@!@ENDMSG 2221 @!@!@
@!@!@STARTMSG 2221:0 @!@!@
  |line 74, col 23 to line 74, col 52 of module UnidrectionalPayment: 9100
@!@!@ENDMSG 2221 @!@!@
@!@!@STARTMSG 2221:0 @!@!@
  |line 74, col 57 to line 74, col 86 of module UnidrectionalPayment: 4150
@!@!@ENDMSG 2221 @!@!@
@!@!@STARTMSG 2221:0 @!@!@
  line 75, col 28 to line 76, col 61 of module UnidrectionalPayment: 2125
@!@!@ENDMSG 2221 @!@!@
@!@!@STARTMSG 2221:0 @!@!@
  line 77, col 31 to line 77, col 34 of module UnidrectionalPayment: 6975
@!@!@ENDMSG 2221 @!@!@
@!@!@STARTMSG 2221:0 @!@!@
  line 78, col 31 to line 79, col 68 of module UnidrectionalPayment: 6975
@!@!@ENDMSG 2221 @!@!@
@!@!@STARTMSG 2221:0 @!@!@
  line 73, col 31 to line 73, col 40 of module UnidrectionalPayment: 910
@!@!@ENDMSG 2221 @!@!@
@!@!@STARTMSG 2221:0 @!@!@
  line 72, col 29 to line 72, col 38 of module UnidrectionalPayment: 91
@!@!@ENDMSG 2221 @!@!@
@!@!@STARTMSG 2221:0 @!@!@
  line 80, col 16 to line 80, col 27 of module UnidrectionalPayment: 9100
@!@!@ENDMSG 2221 @!@!@
@!@!@STARTMSG 2221:0 @!@!@
  line 81, col 16 to line 81, col 71 of module UnidrectionalPayment: 9100
@!@!@ENDMSG 2221 @!@!@
@!@!@STARTMSG 2772:0 @!@!@
<Settle line 83, col 1 to line 83, col 6 of module UnidrectionalPayment>: 9100:9100
@!@!@ENDMSG 2772 @!@!@
@!@!@STARTMSG 2221:0 @!@!@
  line 83, col 14 to line 83, col 26 of module UnidrectionalPayment: 23644
@!@!@ENDMSG 2221 @!@!@
@!@!@STARTMSG 2221:0 @!@!@
  |line 83, col 14 to line 83, col 15 of module UnidrectionalPayment: 23553
@!@!@ENDMSG 2221 @!@!@
@!@!@STARTMSG 2221:0 @!@!@
  line 86, col 21 to line 86, col 47 of module UnidrectionalPayment: 9100
@!@!@ENDMSG 2221 @!@!@
@!@!@STARTMSG 2221:0 @!@!@
  line 87, col 26 to line 88, col 56 of module UnidrectionalPayment: 9100
@!@!@ENDMSG 2221 @!@!@
@!@!@STARTMSG 2221:0 @!@!@
  line 90, col 29 to line 91, col 63 of module UnidrectionalPayment: 0
@!@!@ENDMSG 2221 @!@!@
@!@!@STARTMSG 2221:0 @!@!@
  line 85, col 29 to line 85, col 38 of module UnidrectionalPayment: 910
@!@!@ENDMSG 2221 @!@!@
@!@!@STARTMSG 2221:0 @!@!@
  line 84, col 27 to line 84, col 36 of module UnidrectionalPayment: 91
@!@!@ENDMSG 2221 @!@!@
@!@!@STARTMSG 2221:0 @!@!@
  line 92, col 14 to line 92, col 25 of module UnidrectionalPayment: 9100
@!@!@ENDMSG 2221 @!@!@
@!@!@STARTMSG 2221:0 @!@!@
  line 93, col 14 to line 93, col 75 of module UnidrectionalPayment: 9100
@!@!@ENDMSG 2221 @!@!@
@!@!@STARTMSG 2772:0 @!@!@
<FinalSettle line 95, col 1 to line 95, col 11 of module UnidrectionalPayment>: 5060:9110
@!@!@ENDMSG 2772 @!@!@
@!@!@STARTMSG 2221:0 @!@!@
  line 95, col 19 to line 95, col 36 of module UnidrectionalPayment: 32663
@!@!@ENDMSG 2221 @!@!@
@!@!@STARTMSG 2221:0 @!@!@
  |line 95, col 19 to line 95, col 20 of module UnidrectionalPayment: 23553
@!@!@ENDMSG 2221 @!@!@
@!@!@STARTMSG 2221:0 @!@!@
  line 96, col 22 to line 96, col 65 of module UnidrectionalPayment: 9110
@!@!@ENDMSG 2221 @!@!@
@!@!@STARTMSG 2221:0 @!@!@
  line 97, col 27 to line 98, col 74 of module UnidrectionalPayment: 4060
@!@!@ENDMSG 2221 @!@!@
@!@!@STARTMSG 2221:0 @!@!@
  line 99, col 30 to line 99, col 33 of module UnidrectionalPayment: 5050
@!@!@ENDMSG 2221 @!@!@
@!@!@STARTMSG 2221:0 @!@!@
  line 100, col 30 to line 101, col 64 of module UnidrectionalPayment: 5050
@!@!@ENDMSG 2221 @!@!@
@!@!@STARTMSG 2221:0 @!@!@
  line 102, col 19 to line 102, col 30 of module UnidrectionalPayment: 9110
@!@!@ENDMSG 2221 @!@!@
@!@!@STARTMSG 2221:0 @!@!@
  line 103, col 19 to line 103, col 80 of module UnidrectionalPayment: 9110
@!@!@ENDMSG 2221 @!@!@
@!@!@STARTMSG 2772:0 @!@!@
<Terminating line 106, col 1 to line 106, col 11 of module UnidrectionalPayment>: 0:5060
@!@!@ENDMSG 2772 @!@!@
@!@!@STARTMSG 2221:0 @!@!@
  line 106, col 16 to line 106, col 26 of module UnidrectionalPayment: 28613
@!@!@ENDMSG 2221 @!@!@
@!@!@STARTMSG 2221:0 @!@!@
  |line 106, col 16 to line 106, col 17 of module UnidrectionalPayment: 23553
@!@!@ENDMSG 2221 @!@!@
@!@!@STARTMSG 2221:0 @!@!@
  line 106, col 31 to line 106, col 44 of module UnidrectionalPayment: 5060
@!@!@ENDMSG 2221 @!@!@
@!@!@STARTMSG 2202:0 @!@!@
End of statistics.
@!@!@ENDMSG 2202 @!@!@
@!@!@STARTMSG 2200:0 @!@!@
Progress(7) at 2019-08-19 20:17:50: 41,663 states generated (2,818,241 s/min), 23,553 distinct states found (1,593,213 ds/min), 0 states left on queue.
@!@!@ENDMSG 2200 @!@!@
@!@!@STARTMSG 2199:0 @!@!@
41663 states generated, 23553 distinct states found, 0 states left on queue.
@!@!@ENDMSG 2199 @!@!@
@!@!@STARTMSG 2194:0 @!@!@
The depth of the complete state graph search is 7.
@!@!@ENDMSG 2194 @!@!@
@!@!@STARTMSG 2268:0 @!@!@
The average outdegree of the complete state graph is 1 (minimum is 0, the maximum 31 and the 95th percentile is 1).
@!@!@ENDMSG 2268 @!@!@
@!@!@STARTMSG 2186:0 @!@!@
Finished in 890ms at (2019-08-19 20:17:50)
@!@!@ENDMSG 2186 @!@!@
