@!@!@STARTMSG 2262:0 @!@!@
TLC2 Version 2.14 of 10 July 2019
@!@!@ENDMSG 2262 @!@!@
@!@!@STARTMSG 2187:0 @!@!@
Running breadth-first search Model-Checking with fp 26 and seed -6634676107953779893 with 8 workers on 16 cores with 1214MB heap and 2730MB offheap memory [pid: 68954] (Mac OS X 10.14.5 x86_64, AdoptOpenJDK 11.0.3 x86_64, OffHeapDiskFPSet, DiskStateQueue).
@!@!@ENDMSG 2187 @!@!@
@!@!@STARTMSG 2220:0 @!@!@
Starting SANY...
@!@!@ENDMSG 2220 @!@!@
Parsing file /Users/nate/.tlaplus/UnidrectionalPayment/BidirectionalPayment.toolbox/Model_1_SnapShot_1566316332427/MC.tla
Parsing file /Users/nate/.tlaplus/UnidrectionalPayment/BidirectionalPayment.toolbox/Model_1_SnapShot_1566316332427/BidirectionalPayment.tla
Parsing file /Applications/TLA+ Toolbox.app/Contents/Eclipse/plugins/org.lamport.tlatools_1.0.0.201907102009/tla2sany/StandardModules/TLC.tla
Parsing file /Applications/TLA+ Toolbox.app/Contents/Eclipse/plugins/org.lamport.tlatools_1.0.0.201907102009/tla2sany/StandardModules/Integers.tla
Parsing file /Applications/TLA+ Toolbox.app/Contents/Eclipse/plugins/org.lamport.tlatools_1.0.0.201907102009/tla2sany/StandardModules/Naturals.tla
Parsing file /Applications/TLA+ Toolbox.app/Contents/Eclipse/plugins/org.lamport.tlatools_1.0.0.201907102009/tla2sany/StandardModules/Sequences.tla
Parsing file /Applications/TLA+ Toolbox.app/Contents/Eclipse/plugins/org.lamport.tlatools_1.0.0.201907102009/tla2sany/StandardModules/FiniteSets.tla
Semantic processing of module Naturals
Semantic processing of module Integers
Semantic processing of module BidirectionalPayment
Semantic processing of module Sequences
Semantic processing of module FiniteSets
Semantic processing of module TLC
Semantic processing of module MC
@!@!@STARTMSG 2219:0 @!@!@
SANY finished.
@!@!@ENDMSG 2219 @!@!@
@!@!@STARTMSG 2185:0 @!@!@
Starting... (2019-08-20 11:58:26)
@!@!@ENDMSG 2185 @!@!@
@!@!@STARTMSG 2212:0 @!@!@
Implied-temporal checking--satisfiability problem has 1 branches.
@!@!@ENDMSG 2212 @!@!@
@!@!@STARTMSG 2189:0 @!@!@
Computing initial states...
@!@!@ENDMSG 2189 @!@!@
@!@!@STARTMSG 2190:0 @!@!@
Finished computing initial states: 1 distinct state generated at 2019-08-20 11:58:26.
@!@!@ENDMSG 2190 @!@!@
@!@!@STARTMSG 1000:1 @!@!@
TLC threw an unexpected exception.
This was probably caused by an error in the spec or model.
See the User Output or TLC Console for clues to what happened.
The exception was a java.lang.RuntimeException
: Attempted to apply function:
<<<<0, 0>>, <<0, 0>>, <<0, 0>>, <<0, 0>>, <<0, 0>>>>
to argument 6, which is not in the domain of the function.
@!@!@ENDMSG 1000 @!@!@
@!@!@STARTMSG 2201:0 @!@!@
The coverage statistics at 2019-08-20 11:58:26
@!@!@ENDMSG 2201 @!@!@
@!@!@STARTMSG 2773:0 @!@!@
<Init line 132, col 1 to line 132, col 4 of module BidirectionalPayment>: 1:1
@!@!@ENDMSG 2773 @!@!@
@!@!@STARTMSG 2221:0 @!@!@
  line 133, col 9 to line 143, col 26 of module BidirectionalPayment: 1
@!@!@ENDMSG 2221 @!@!@
@!@!@STARTMSG 2772:0 @!@!@
<Offchain line 145, col 1 to line 145, col 8 of module BidirectionalPayment>: 546:546
@!@!@ENDMSG 2772 @!@!@
@!@!@STARTMSG 2221:0 @!@!@
  line 145, col 16 to line 145, col 30 of module BidirectionalPayment: 999
@!@!@ENDMSG 2221 @!@!@
@!@!@STARTMSG 2221:0 @!@!@
  |line 145, col 16 to line 145, col 17 of module BidirectionalPayment: 817
@!@!@ENDMSG 2221 @!@!@
@!@!@STARTMSG 2221:0 @!@!@
  line 146, col 19 to line 146, col 62 of module BidirectionalPayment: 182
@!@!@ENDMSG 2221 @!@!@
@!@!@STARTMSG 2221:0 @!@!@
  line 147, col 24 to line 149, col 53 of module BidirectionalPayment: 182
@!@!@ENDMSG 2221 @!@!@
@!@!@STARTMSG 2221:0 @!@!@
  line 150, col 27 to line 150, col 41 of module BidirectionalPayment: 0
@!@!@ENDMSG 2221 @!@!@
@!@!@STARTMSG 2221:0 @!@!@
  line 151, col 16 to line 155, col 71 of module BidirectionalPayment: 546
@!@!@ENDMSG 2221 @!@!@
@!@!@STARTMSG 2772:0 @!@!@
<Update line 157, col 1 to line 157, col 6 of module BidirectionalPayment>: 290:290
@!@!@ENDMSG 2772 @!@!@
@!@!@STARTMSG 2221:0 @!@!@
  line 157, col 14 to line 157, col 26 of module BidirectionalPayment: 1107
@!@!@ENDMSG 2221 @!@!@
@!@!@STARTMSG 2221:0 @!@!@
  |line 157, col 14 to line 157, col 15 of module BidirectionalPayment: 817
@!@!@ENDMSG 2221 @!@!@
@!@!@STARTMSG 2221:0 @!@!@
  line 158, col 14 to line 158, col 65 of module BidirectionalPayment: 290
@!@!@ENDMSG 2221 @!@!@
@!@!@STARTMSG 2221:0 @!@!@
  line 159, col 14 to line 159, col 29 of module BidirectionalPayment: 290
@!@!@ENDMSG 2221 @!@!@
@!@!@STARTMSG 2221:0 @!@!@
  line 160, col 14 to line 163, col 80 of module BidirectionalPayment: 290
@!@!@ENDMSG 2221 @!@!@
@!@!@STARTMSG 2772:0 @!@!@
<SenderSignSend line 165, col 1 to line 165, col 14 of module BidirectionalPayment>: 696:696
@!@!@ENDMSG 2772 @!@!@
@!@!@STARTMSG 2221:0 @!@!@
  line 165, col 22 to line 165, col 42 of module BidirectionalPayment: 933
@!@!@ENDMSG 2221 @!@!@
@!@!@STARTMSG 2221:0 @!@!@
  |line 165, col 22 to line 165, col 23 of module BidirectionalPayment: 817
@!@!@ENDMSG 2221 @!@!@
@!@!@STARTMSG 2221:0 @!@!@
  line 167, col 24 to line 167, col 112 of module BidirectionalPayment: 696
@!@!@ENDMSG 2221 @!@!@
@!@!@STARTMSG 2221:0 @!@!@
  line 166, col 35 to line 166, col 44 of module BidirectionalPayment: 116
@!@!@ENDMSG 2221 @!@!@
@!@!@STARTMSG 2221:0 @!@!@
  line 168, col 22 to line 168, col 69 of module BidirectionalPayment: 696
@!@!@ENDMSG 2221 @!@!@
@!@!@STARTMSG 2221:0 @!@!@
  line 169, col 22 to line 169, col 35 of module BidirectionalPayment: 696
@!@!@ENDMSG 2221 @!@!@
@!@!@STARTMSG 2221:0 @!@!@
  line 170, col 22 to line 175, col 56 of module BidirectionalPayment: 696
@!@!@ENDMSG 2221 @!@!@
@!@!@STARTMSG 2772:0 @!@!@
<ReceiverReceiveSignSend line 177, col 1 to line 177, col 23 of module BidirectionalPayment>: 5:116
@!@!@ENDMSG 2772 @!@!@
@!@!@STARTMSG 2221:0 @!@!@
  line 177, col 31 to line 177, col 60 of module BidirectionalPayment: 933
@!@!@ENDMSG 2221 @!@!@
@!@!@STARTMSG 2221:0 @!@!@
  |line 177, col 31 to line 177, col 32 of module BidirectionalPayment: 817
@!@!@ENDMSG 2221 @!@!@
@!@!@STARTMSG 2221:0 @!@!@
  line 178, col 31 to line 178, col 82 of module BidirectionalPayment: 116
@!@!@ENDMSG 2221 @!@!@
@!@!@STARTMSG 2221:0 @!@!@
  line 179, col 31 to line 179, col 92 of module BidirectionalPayment: 116
@!@!@ENDMSG 2221 @!@!@
@!@!@STARTMSG 2221:0 @!@!@
  line 180, col 31 to line 180, col 44 of module BidirectionalPayment: 116
@!@!@ENDMSG 2221 @!@!@
@!@!@STARTMSG 2221:0 @!@!@
  line 181, col 31 to line 186, col 65 of module BidirectionalPayment: 116
@!@!@ENDMSG 2221 @!@!@
@!@!@STARTMSG 2772:0 @!@!@
<SenderReceive line 188, col 1 to line 188, col 13 of module BidirectionalPayment>: 12:113
@!@!@ENDMSG 2772 @!@!@
@!@!@STARTMSG 2221:0 @!@!@
  line 188, col 21 to line 188, col 40 of module BidirectionalPayment: 930
@!@!@ENDMSG 2221 @!@!@
@!@!@STARTMSG 2221:0 @!@!@
  |line 188, col 21 to line 188, col 22 of module BidirectionalPayment: 817
@!@!@ENDMSG 2221 @!@!@
@!@!@STARTMSG 2221:0 @!@!@
  line 189, col 21 to line 189, col 78 of module BidirectionalPayment: 113
@!@!@ENDMSG 2221 @!@!@
@!@!@STARTMSG 2221:0 @!@!@
  line 190, col 21 to line 190, col 34 of module BidirectionalPayment: 113
@!@!@ENDMSG 2221 @!@!@
@!@!@STARTMSG 2221:0 @!@!@
  line 191, col 21 to line 196, col 55 of module BidirectionalPayment: 113
@!@!@ENDMSG 2221 @!@!@
@!@!@STARTMSG 2772:0 @!@!@
<Onchain line 198, col 1 to line 198, col 7 of module BidirectionalPayment>: 0:0
@!@!@ENDMSG 2772 @!@!@
@!@!@STARTMSG 2221:0 @!@!@
  line 198, col 15 to line 198, col 28 of module BidirectionalPayment: 817
@!@!@ENDMSG 2221 @!@!@
@!@!@STARTMSG 2221:0 @!@!@
  line 200, col 32 to line 200, col 93 of module BidirectionalPayment: 0
@!@!@ENDMSG 2221 @!@!@
@!@!@STARTMSG 2221:0 @!@!@
  line 201, col 32 to line 201, col 93 of module BidirectionalPayment: 0
@!@!@ENDMSG 2221 @!@!@
@!@!@STARTMSG 2221:0 @!@!@
  line 203, col 32 to line 204, col 66 of module BidirectionalPayment: 0
@!@!@ENDMSG 2221 @!@!@
@!@!@STARTMSG 2221:0 @!@!@
  line 208, col 45 to line 208, col 86 of module BidirectionalPayment: 0
@!@!@ENDMSG 2221 @!@!@
@!@!@STARTMSG 2221:0 @!@!@
  line 209, col 45 to line 209, col 86 of module BidirectionalPayment: 0
@!@!@ENDMSG 2221 @!@!@
@!@!@STARTMSG 2221:0 @!@!@
  line 211, col 45 to line 212, col 79 of module BidirectionalPayment: 0
@!@!@ENDMSG 2221 @!@!@
@!@!@STARTMSG 2221:0 @!@!@
  line 214, col 34 to line 215, col 68 of module BidirectionalPayment: 0
@!@!@ENDMSG 2221 @!@!@
@!@!@STARTMSG 2221:0 @!@!@
  line 219, col 45 to line 219, col 86 of module BidirectionalPayment: 0
@!@!@ENDMSG 2221 @!@!@
@!@!@STARTMSG 2221:0 @!@!@
  line 220, col 45 to line 220, col 86 of module BidirectionalPayment: 0
@!@!@ENDMSG 2221 @!@!@
@!@!@STARTMSG 2221:0 @!@!@
  line 222, col 45 to line 223, col 79 of module BidirectionalPayment: 0
@!@!@ENDMSG 2221 @!@!@
@!@!@STARTMSG 2221:0 @!@!@
  line 225, col 34 to line 226, col 68 of module BidirectionalPayment: 0
@!@!@ENDMSG 2221 @!@!@
@!@!@STARTMSG 2221:0 @!@!@
  line 227, col 15 to line 227, col 40 of module BidirectionalPayment: 0
@!@!@ENDMSG 2221 @!@!@
@!@!@STARTMSG 2221:0 @!@!@
  line 228, col 15 to line 231, col 55 of module BidirectionalPayment: 0
@!@!@ENDMSG 2221 @!@!@
@!@!@STARTMSG 2772:0 @!@!@
<CancelFromReceiver line 233, col 1 to line 233, col 18 of module BidirectionalPayment>: 0:0
@!@!@ENDMSG 2772 @!@!@
@!@!@STARTMSG 2221:0 @!@!@
  line 233, col 26 to line 233, col 50 of module BidirectionalPayment: 817
@!@!@ENDMSG 2221 @!@!@
@!@!@STARTMSG 2221:0 @!@!@
  line 236, col 48 to line 236, col 69 of module BidirectionalPayment: 0
@!@!@ENDMSG 2221 @!@!@
@!@!@STARTMSG 2221:0 @!@!@
  line 238, col 48 to line 238, col 71 of module BidirectionalPayment: 0
@!@!@ENDMSG 2221 @!@!@
@!@!@STARTMSG 2221:0 @!@!@
  line 240, col 37 to line 240, col 60 of module BidirectionalPayment: 0
@!@!@ENDMSG 2221 @!@!@
@!@!@STARTMSG 2221:0 @!@!@
  line 241, col 26 to line 241, col 49 of module BidirectionalPayment: 0
@!@!@ENDMSG 2221 @!@!@
@!@!@STARTMSG 2221:0 @!@!@
  line 242, col 26 to line 247, col 81 of module BidirectionalPayment: 0
@!@!@ENDMSG 2221 @!@!@
@!@!@STARTMSG 2772:0 @!@!@
<CancelFromSender line 249, col 1 to line 249, col 16 of module BidirectionalPayment>: 0:0
@!@!@ENDMSG 2772 @!@!@
@!@!@STARTMSG 2221:0 @!@!@
  line 249, col 24 to line 249, col 46 of module BidirectionalPayment: 817
@!@!@ENDMSG 2221 @!@!@
@!@!@STARTMSG 2221:0 @!@!@
  line 252, col 46 to line 252, col 67 of module BidirectionalPayment: 0
@!@!@ENDMSG 2221 @!@!@
@!@!@STARTMSG 2221:0 @!@!@
  line 254, col 46 to line 254, col 69 of module BidirectionalPayment: 0
@!@!@ENDMSG 2221 @!@!@
@!@!@STARTMSG 2221:0 @!@!@
  line 256, col 35 to line 256, col 58 of module BidirectionalPayment: 0
@!@!@ENDMSG 2221 @!@!@
@!@!@STARTMSG 2221:0 @!@!@
  line 257, col 24 to line 257, col 35 of module BidirectionalPayment: 0
@!@!@ENDMSG 2221 @!@!@
@!@!@STARTMSG 2221:0 @!@!@
  line 258, col 24 to line 263, col 79 of module BidirectionalPayment: 0
@!@!@ENDMSG 2221 @!@!@
@!@!@STARTMSG 2772:0 @!@!@
<Terminating line 266, col 1 to line 266, col 11 of module BidirectionalPayment>: 0:0
@!@!@ENDMSG 2772 @!@!@
@!@!@STARTMSG 2221:0 @!@!@
  line 266, col 16 to line 266, col 26 of module BidirectionalPayment: 817
@!@!@ENDMSG 2221 @!@!@
@!@!@STARTMSG 2221:0 @!@!@
  line 266, col 31 to line 266, col 44 of module BidirectionalPayment: 0
@!@!@ENDMSG 2221 @!@!@
@!@!@STARTMSG 2202:0 @!@!@
End of statistics.
@!@!@ENDMSG 2202 @!@!@
@!@!@STARTMSG 2200:0 @!@!@
Progress(15) at 2019-08-20 11:58:26: 1,761 states generated (125,785 s/min), 1,550 distinct states found (110,714 ds/min), 734 states left on queue.
@!@!@ENDMSG 2200 @!@!@
@!@!@STARTMSG 2199:0 @!@!@
1761 states generated, 1550 distinct states found, 734 states left on queue.
@!@!@ENDMSG 2199 @!@!@
@!@!@STARTMSG 2194:0 @!@!@
The depth of the complete state graph search is 15.
@!@!@ENDMSG 2194 @!@!@
@!@!@STARTMSG 2268:0 @!@!@
The average outdegree of the complete state graph is 2 (minimum is 0, the maximum 6 and the 95th percentile is 6).
@!@!@ENDMSG 2268 @!@!@
@!@!@STARTMSG 2186:0 @!@!@
Finished in 846ms at (2019-08-20 11:58:26)
@!@!@ENDMSG 2186 @!@!@
