@!@!@STARTMSG 2262:0 @!@!@
TLC2 Version 2.14 of 10 July 2019
@!@!@ENDMSG 2262 @!@!@
@!@!@STARTMSG 2187:0 @!@!@
Running breadth-first search Model-Checking with fp 8 and seed -2115667939967002500 with 8 workers on 16 cores with 1214MB heap and 2730MB offheap memory [pid: 68955] (Mac OS X 10.14.5 x86_64, AdoptOpenJDK 11.0.3 x86_64, OffHeapDiskFPSet, DiskStateQueue).
@!@!@ENDMSG 2187 @!@!@
@!@!@STARTMSG 2220:0 @!@!@
Starting SANY...
@!@!@ENDMSG 2220 @!@!@
Parsing file /Users/nate/.tlaplus/UnidrectionalPayment/BidirectionalPayment.toolbox/Model_1/MC.tla
Parsing file /Users/nate/.tlaplus/UnidrectionalPayment/BidirectionalPayment.toolbox/Model_1/BidirectionalPayment.tla
Parsing file /Applications/TLA+ Toolbox.app/Contents/Eclipse/plugins/org.lamport.tlatools_1.0.0.201907102009/tla2sany/StandardModules/TLC.tla
Parsing file /Applications/TLA+ Toolbox.app/Contents/Eclipse/plugins/org.lamport.tlatools_1.0.0.201907102009/tla2sany/StandardModules/Integers.tla
Parsing file /Applications/TLA+ Toolbox.app/Contents/Eclipse/plugins/org.lamport.tlatools_1.0.0.201907102009/tla2sany/StandardModules/Naturals.tla
Parsing file /Applications/TLA+ Toolbox.app/Contents/Eclipse/plugins/org.lamport.tlatools_1.0.0.201907102009/tla2sany/StandardModules/Sequences.tla
Parsing file /Applications/TLA+ Toolbox.app/Contents/Eclipse/plugins/org.lamport.tlatools_1.0.0.201907102009/tla2sany/StandardModules/FiniteSets.tla
Semantic processing of module Naturals
Semantic processing of module Integers
Semantic processing of module BidirectionalPayment
Semantic processing of module Sequences
Semantic processing of module FiniteSets
Semantic processing of module TLC
Semantic processing of module MC
@!@!@STARTMSG 2219:0 @!@!@
SANY finished.
@!@!@ENDMSG 2219 @!@!@
@!@!@STARTMSG 2185:0 @!@!@
Starting... (2019-08-20 11:59:06)
@!@!@ENDMSG 2185 @!@!@
@!@!@STARTMSG 2212:0 @!@!@
Implied-temporal checking--satisfiability problem has 1 branches.
@!@!@ENDMSG 2212 @!@!@
@!@!@STARTMSG 2189:0 @!@!@
Computing initial states...
@!@!@ENDMSG 2189 @!@!@
@!@!@STARTMSG 2190:0 @!@!@
Finished computing initial states: 1 distinct state generated at 2019-08-20 11:59:07.
@!@!@ENDMSG 2190 @!@!@
@!@!@STARTMSG 2200:0 @!@!@
Progress(20) at 2019-08-20 11:59:07: 132,093 states generated, 89,585 distinct states found, 0 states left on queue.
@!@!@ENDMSG 2200 @!@!@
@!@!@STARTMSG 2192:0 @!@!@
Checking temporal properties for the complete state space with 89585 total distinct states at (2019-08-20 11:59:07)
@!@!@ENDMSG 2192 @!@!@
@!@!@STARTMSG 2267:0 @!@!@
Finished checking temporal properties in 00s at 2019-08-20 11:59:07
@!@!@ENDMSG 2267 @!@!@
@!@!@STARTMSG 2193:0 @!@!@
Model checking completed. No error has been found.
  Estimates of the probability that TLC did not check all reachable states
  because two distinct states had the same fingerprint:
  calculated (optimistic):  val = 2.1E-10
  based on the actual fingerprints:  val = 1.6E-10
@!@!@ENDMSG 2193 @!@!@
@!@!@STARTMSG 2201:0 @!@!@
The coverage statistics at 2019-08-20 11:59:09
@!@!@ENDMSG 2201 @!@!@
@!@!@STARTMSG 2773:0 @!@!@
<Init line 132, col 1 to line 132, col 4 of module BidirectionalPayment>: 1:1
@!@!@ENDMSG 2773 @!@!@
@!@!@STARTMSG 2221:0 @!@!@
  line 133, col 9 to line 143, col 26 of module BidirectionalPayment: 1
@!@!@ENDMSG 2221 @!@!@
@!@!@STARTMSG 2772:0 @!@!@
<Offchain line 145, col 1 to line 145, col 8 of module BidirectionalPayment>: 17901:17901
@!@!@ENDMSG 2772 @!@!@
@!@!@STARTMSG 2221:0 @!@!@
  line 145, col 16 to line 145, col 30 of module BidirectionalPayment: 103016
@!@!@ENDMSG 2221 @!@!@
@!@!@STARTMSG 2221:0 @!@!@
  |line 145, col 16 to line 145, col 17 of module BidirectionalPayment: 89585
@!@!@ENDMSG 2221 @!@!@
@!@!@STARTMSG 2221:0 @!@!@
  line 146, col 19 to line 146, col 62 of module BidirectionalPayment: 13431
@!@!@ENDMSG 2221 @!@!@
@!@!@STARTMSG 2221:0 @!@!@
  line 147, col 24 to line 149, col 53 of module BidirectionalPayment: 2235
@!@!@ENDMSG 2221 @!@!@
@!@!@STARTMSG 2221:0 @!@!@
  line 150, col 24 to line 150, col 41 of module BidirectionalPayment: 11196
@!@!@ENDMSG 2221 @!@!@
@!@!@STARTMSG 2221:0 @!@!@
  line 151, col 16 to line 155, col 71 of module BidirectionalPayment: 17901
@!@!@ENDMSG 2221 @!@!@
@!@!@STARTMSG 2772:0 @!@!@
<Update line 157, col 1 to line 157, col 6 of module BidirectionalPayment>: 13430:13430
@!@!@ENDMSG 2772 @!@!@
@!@!@STARTMSG 2221:0 @!@!@
  line 157, col 14 to line 157, col 26 of module BidirectionalPayment: 103015
@!@!@ENDMSG 2221 @!@!@
@!@!@STARTMSG 2221:0 @!@!@
  |line 157, col 14 to line 157, col 15 of module BidirectionalPayment: 89585
@!@!@ENDMSG 2221 @!@!@
@!@!@STARTMSG 2221:0 @!@!@
  line 158, col 14 to line 158, col 65 of module BidirectionalPayment: 13430
@!@!@ENDMSG 2221 @!@!@
@!@!@STARTMSG 2221:0 @!@!@
  line 159, col 14 to line 159, col 29 of module BidirectionalPayment: 13430
@!@!@ENDMSG 2221 @!@!@
@!@!@STARTMSG 2221:0 @!@!@
  line 160, col 14 to line 163, col 80 of module BidirectionalPayment: 13430
@!@!@ENDMSG 2221 @!@!@
@!@!@STARTMSG 2772:0 @!@!@
<SenderSignSend line 165, col 1 to line 165, col 14 of module BidirectionalPayment>: 13406:13410
@!@!@ENDMSG 2772 @!@!@
@!@!@STARTMSG 2221:0 @!@!@
  line 165, col 22 to line 165, col 42 of module BidirectionalPayment: 91820
@!@!@ENDMSG 2221 @!@!@
@!@!@STARTMSG 2221:0 @!@!@
  |line 165, col 22 to line 165, col 23 of module BidirectionalPayment: 89585
@!@!@ENDMSG 2221 @!@!@
@!@!@STARTMSG 2221:0 @!@!@
  line 167, col 24 to line 167, col 112 of module BidirectionalPayment: 13410
@!@!@ENDMSG 2221 @!@!@
@!@!@STARTMSG 2221:0 @!@!@
  line 166, col 35 to line 166, col 44 of module BidirectionalPayment: 2235
@!@!@ENDMSG 2221 @!@!@
@!@!@STARTMSG 2221:0 @!@!@
  line 168, col 22 to line 168, col 69 of module BidirectionalPayment: 13410
@!@!@ENDMSG 2221 @!@!@
@!@!@STARTMSG 2221:0 @!@!@
  line 169, col 22 to line 169, col 35 of module BidirectionalPayment: 13410
@!@!@ENDMSG 2221 @!@!@
@!@!@STARTMSG 2221:0 @!@!@
  line 170, col 22 to line 175, col 56 of module BidirectionalPayment: 13410
@!@!@ENDMSG 2221 @!@!@
@!@!@STARTMSG 2772:0 @!@!@
<ReceiverReceiveSignSend line 177, col 1 to line 177, col 23 of module BidirectionalPayment>: 8:2235
@!@!@ENDMSG 2772 @!@!@
@!@!@STARTMSG 2221:0 @!@!@
  line 177, col 31 to line 177, col 60 of module BidirectionalPayment: 91820
@!@!@ENDMSG 2221 @!@!@
@!@!@STARTMSG 2221:0 @!@!@
  |line 177, col 31 to line 177, col 32 of module BidirectionalPayment: 89585
@!@!@ENDMSG 2221 @!@!@
@!@!@STARTMSG 2221:0 @!@!@
  line 178, col 31 to line 178, col 82 of module BidirectionalPayment: 2235
@!@!@ENDMSG 2221 @!@!@
@!@!@STARTMSG 2221:0 @!@!@
  line 179, col 31 to line 179, col 92 of module BidirectionalPayment: 2235
@!@!@ENDMSG 2221 @!@!@
@!@!@STARTMSG 2221:0 @!@!@
  line 180, col 31 to line 180, col 44 of module BidirectionalPayment: 2235
@!@!@ENDMSG 2221 @!@!@
@!@!@STARTMSG 2221:0 @!@!@
  line 181, col 31 to line 186, col 65 of module BidirectionalPayment: 2235
@!@!@ENDMSG 2221 @!@!@
@!@!@STARTMSG 2772:0 @!@!@
<SenderReceive line 188, col 1 to line 188, col 13 of module BidirectionalPayment>: 16:2235
@!@!@ENDMSG 2772 @!@!@
@!@!@STARTMSG 2221:0 @!@!@
  line 188, col 21 to line 188, col 40 of module BidirectionalPayment: 91820
@!@!@ENDMSG 2221 @!@!@
@!@!@STARTMSG 2221:0 @!@!@
  |line 188, col 21 to line 188, col 22 of module BidirectionalPayment: 89585
@!@!@ENDMSG 2221 @!@!@
@!@!@STARTMSG 2221:0 @!@!@
  line 189, col 21 to line 189, col 78 of module BidirectionalPayment: 2235
@!@!@ENDMSG 2221 @!@!@
@!@!@STARTMSG 2221:0 @!@!@
  line 190, col 21 to line 190, col 34 of module BidirectionalPayment: 2235
@!@!@ENDMSG 2221 @!@!@
@!@!@STARTMSG 2221:0 @!@!@
  line 191, col 21 to line 196, col 55 of module BidirectionalPayment: 2235
@!@!@ENDMSG 2221 @!@!@
@!@!@STARTMSG 2772:0 @!@!@
<Onchain line 198, col 1 to line 198, col 7 of module BidirectionalPayment>: 14941:38058
@!@!@ENDMSG 2772 @!@!@
@!@!@STARTMSG 2221:0 @!@!@
  line 198, col 15 to line 198, col 28 of module BidirectionalPayment: 100781
@!@!@ENDMSG 2221 @!@!@
@!@!@STARTMSG 2221:0 @!@!@
  |line 198, col 15 to line 198, col 16 of module BidirectionalPayment: 89585
@!@!@ENDMSG 2221 @!@!@
@!@!@STARTMSG 2221:0 @!@!@
  line 199, col 24 to line 199, col 84 of module BidirectionalPayment: 11196
@!@!@ENDMSG 2221 @!@!@
@!@!@STARTMSG 2221:0 @!@!@
  line 200, col 29 to line 201, col 93 of module BidirectionalPayment: 1806
@!@!@ENDMSG 2221 @!@!@
@!@!@STARTMSG 2221:0 @!@!@
  line 202, col 32 to line 202, col 35 of module BidirectionalPayment: 9390
@!@!@ENDMSG 2221 @!@!@
@!@!@STARTMSG 2221:0 @!@!@
  line 203, col 32 to line 204, col 66 of module BidirectionalPayment: 9390
@!@!@ENDMSG 2221 @!@!@
@!@!@STARTMSG 2221:0 @!@!@
  line 206, col 26 to line 206, col 85 of module BidirectionalPayment: 13431
@!@!@ENDMSG 2221 @!@!@
@!@!@STARTMSG 2221:0 @!@!@
  line 207, col 37 to line 207, col 77 of module BidirectionalPayment: 13251
@!@!@ENDMSG 2221 @!@!@
@!@!@STARTMSG 2221:0 @!@!@
  line 208, col 42 to line 209, col 86 of module BidirectionalPayment: 1968
@!@!@ENDMSG 2221 @!@!@
@!@!@STARTMSG 2221:0 @!@!@
  line 210, col 45 to line 210, col 48 of module BidirectionalPayment: 11283
@!@!@ENDMSG 2221 @!@!@
@!@!@STARTMSG 2221:0 @!@!@
  line 211, col 45 to line 212, col 79 of module BidirectionalPayment: 11283
@!@!@ENDMSG 2221 @!@!@
@!@!@STARTMSG 2221:0 @!@!@
  line 213, col 34 to line 213, col 37 of module BidirectionalPayment: 180
@!@!@ENDMSG 2221 @!@!@
@!@!@STARTMSG 2221:0 @!@!@
  line 214, col 34 to line 215, col 68 of module BidirectionalPayment: 180
@!@!@ENDMSG 2221 @!@!@
@!@!@STARTMSG 2221:0 @!@!@
  line 205, col 36 to line 205, col 63 of module BidirectionalPayment: 11196
@!@!@ENDMSG 2221 @!@!@
@!@!@STARTMSG 2221:0 @!@!@
  line 217, col 26 to line 217, col 87 of module BidirectionalPayment: 13431
@!@!@ENDMSG 2221 @!@!@
@!@!@STARTMSG 2221:0 @!@!@
  line 218, col 37 to line 218, col 77 of module BidirectionalPayment: 11821
@!@!@ENDMSG 2221 @!@!@
@!@!@STARTMSG 2221:0 @!@!@
  line 219, col 42 to line 220, col 86 of module BidirectionalPayment: 2043
@!@!@ENDMSG 2221 @!@!@
@!@!@STARTMSG 2221:0 @!@!@
  line 221, col 45 to line 221, col 48 of module BidirectionalPayment: 9778
@!@!@ENDMSG 2221 @!@!@
@!@!@STARTMSG 2221:0 @!@!@
  line 222, col 45 to line 223, col 79 of module BidirectionalPayment: 9778
@!@!@ENDMSG 2221 @!@!@
@!@!@STARTMSG 2221:0 @!@!@
  line 224, col 34 to line 224, col 37 of module BidirectionalPayment: 1610
@!@!@ENDMSG 2221 @!@!@
@!@!@STARTMSG 2221:0 @!@!@
  line 225, col 34 to line 226, col 68 of module BidirectionalPayment: 1610
@!@!@ENDMSG 2221 @!@!@
@!@!@STARTMSG 2221:0 @!@!@
  line 216, col 36 to line 216, col 65 of module BidirectionalPayment: 11196
@!@!@ENDMSG 2221 @!@!@
@!@!@STARTMSG 2221:0 @!@!@
  line 227, col 15 to line 227, col 43 of module BidirectionalPayment: 38058
@!@!@ENDMSG 2221 @!@!@
@!@!@STARTMSG 2221:0 @!@!@
  line 228, col 15 to line 231, col 55 of module BidirectionalPayment: 38058
@!@!@ENDMSG 2221 @!@!@
@!@!@STARTMSG 2772:0 @!@!@
<ChallengeFromReceiver line 233, col 1 to line 233, col 21 of module BidirectionalPayment>: 14941:14941
@!@!@ENDMSG 2772 @!@!@
@!@!@STARTMSG 2221:0 @!@!@
  line 233, col 29 to line 233, col 56 of module BidirectionalPayment: 104526
@!@!@ENDMSG 2221 @!@!@
@!@!@STARTMSG 2221:0 @!@!@
  |line 233, col 29 to line 233, col 30 of module BidirectionalPayment: 89585
@!@!@ENDMSG 2221 @!@!@
@!@!@STARTMSG 2221:0 @!@!@
  line 234, col 32 to line 234, col 93 of module BidirectionalPayment: 14941
@!@!@ENDMSG 2221 @!@!@
@!@!@STARTMSG 2221:0 @!@!@
  line 235, col 43 to line 235, col 103 of module BidirectionalPayment: 13396
@!@!@ENDMSG 2221 @!@!@
@!@!@STARTMSG 2221:0 @!@!@
  line 236, col 48 to line 236, col 72 of module BidirectionalPayment: 1863
@!@!@ENDMSG 2221 @!@!@
@!@!@STARTMSG 2221:0 @!@!@
  line 237, col 51 to line 237, col 54 of module BidirectionalPayment: 11533
@!@!@ENDMSG 2221 @!@!@
@!@!@STARTMSG 2221:0 @!@!@
  line 238, col 51 to line 238, col 74 of module BidirectionalPayment: 11533
@!@!@ENDMSG 2221 @!@!@
@!@!@STARTMSG 2221:0 @!@!@
  line 239, col 40 to line 239, col 43 of module BidirectionalPayment: 1545
@!@!@ENDMSG 2221 @!@!@
@!@!@STARTMSG 2221:0 @!@!@
  line 240, col 40 to line 240, col 63 of module BidirectionalPayment: 1545
@!@!@ENDMSG 2221 @!@!@
@!@!@STARTMSG 2221:0 @!@!@
  line 241, col 29 to line 241, col 55 of module BidirectionalPayment: 14941
@!@!@ENDMSG 2221 @!@!@
@!@!@STARTMSG 2221:0 @!@!@
  line 242, col 29 to line 248, col 63 of module BidirectionalPayment: 14941
@!@!@ENDMSG 2221 @!@!@
@!@!@STARTMSG 2772:0 @!@!@
<ChallengeFromSender line 250, col 1 to line 250, col 19 of module BidirectionalPayment>: 14941:14941
@!@!@ENDMSG 2772 @!@!@
@!@!@STARTMSG 2221:0 @!@!@
  line 250, col 27 to line 250, col 52 of module BidirectionalPayment: 104526
@!@!@ENDMSG 2221 @!@!@
@!@!@STARTMSG 2221:0 @!@!@
  |line 250, col 27 to line 250, col 28 of module BidirectionalPayment: 89585
@!@!@ENDMSG 2221 @!@!@
@!@!@STARTMSG 2221:0 @!@!@
  line 251, col 30 to line 251, col 89 of module BidirectionalPayment: 14941
@!@!@ENDMSG 2221 @!@!@
@!@!@STARTMSG 2221:0 @!@!@
  line 252, col 41 to line 252, col 99 of module BidirectionalPayment: 13316
@!@!@ENDMSG 2221 @!@!@
@!@!@STARTMSG 2221:0 @!@!@
  line 253, col 46 to line 253, col 70 of module BidirectionalPayment: 358
@!@!@ENDMSG 2221 @!@!@
@!@!@STARTMSG 2221:0 @!@!@
  line 254, col 49 to line 254, col 52 of module BidirectionalPayment: 12958
@!@!@ENDMSG 2221 @!@!@
@!@!@STARTMSG 2221:0 @!@!@
  line 255, col 49 to line 255, col 72 of module BidirectionalPayment: 12958
@!@!@ENDMSG 2221 @!@!@
@!@!@STARTMSG 2221:0 @!@!@
  line 256, col 38 to line 256, col 41 of module BidirectionalPayment: 1625
@!@!@ENDMSG 2221 @!@!@
@!@!@STARTMSG 2221:0 @!@!@
  line 257, col 38 to line 257, col 61 of module BidirectionalPayment: 1625
@!@!@ENDMSG 2221 @!@!@
@!@!@STARTMSG 2221:0 @!@!@
  line 258, col 27 to line 258, col 38 of module BidirectionalPayment: 14941
@!@!@ENDMSG 2221 @!@!@
@!@!@STARTMSG 2221:0 @!@!@
  line 259, col 27 to line 265, col 61 of module BidirectionalPayment: 14941
@!@!@ENDMSG 2221 @!@!@
@!@!@STARTMSG 2772:0 @!@!@
<Terminating line 268, col 1 to line 268, col 11 of module BidirectionalPayment>: 0:14941
@!@!@ENDMSG 2772 @!@!@
@!@!@STARTMSG 2221:0 @!@!@
  line 268, col 16 to line 268, col 26 of module BidirectionalPayment: 104526
@!@!@ENDMSG 2221 @!@!@
@!@!@STARTMSG 2221:0 @!@!@
  |line 268, col 16 to line 268, col 17 of module BidirectionalPayment: 89585
@!@!@ENDMSG 2221 @!@!@
@!@!@STARTMSG 2221:0 @!@!@
  line 268, col 31 to line 268, col 44 of module BidirectionalPayment: 14941
@!@!@ENDMSG 2221 @!@!@
@!@!@STARTMSG 2202:0 @!@!@
End of statistics.
@!@!@ENDMSG 2202 @!@!@
@!@!@STARTMSG 2200:0 @!@!@
Progress(20) at 2019-08-20 11:59:09: 132,093 states generated (2,428,924 s/min), 89,585 distinct states found (1,647,287 ds/min), 0 states left on queue.
@!@!@ENDMSG 2200 @!@!@
@!@!@STARTMSG 2199:0 @!@!@
132093 states generated, 89585 distinct states found, 0 states left on queue.
@!@!@ENDMSG 2199 @!@!@
@!@!@STARTMSG 2194:0 @!@!@
The depth of the complete state graph search is 20.
@!@!@ENDMSG 2194 @!@!@
@!@!@STARTMSG 2268:0 @!@!@
The average outdegree of the complete state graph is 1 (minimum is 0, the maximum 6 and the 95th percentile is 3).
@!@!@ENDMSG 2268 @!@!@
@!@!@STARTMSG 2186:0 @!@!@
Finished in 3267ms at (2019-08-20 11:59:09)
@!@!@ENDMSG 2186 @!@!@
